Mplus VERSION 7.2
MUTHEN & MUTHEN
01/19/2016  12:48 PM

INPUT INSTRUCTIONS

  TITLE: Positive Affect with Marker Variable Scaling and Mean Structure

  DATA:
      FILE IS PAmeansdcorr2t.dat;
      TYPE IS MEANS STDEVIATIONS CORRELATION;
      NOBSERVATIONS ARE 823;

  VARIABLE:
       NAMES ARE glad1 cheer1 happy1 glad2 cheer2 happy2;
       usevariables are glad1-happy1;
  ANALYSIS:


  MODEL:
      PA BY glad1* cheer1 happy1;
      PA@1;

      [PA@0];



INPUT READING TERMINATED NORMALLY



Positive Affect with Marker Variable Scaling and Mean Structure

SUMMARY OF ANALYSIS

Number of groups                                                 1
Number of observations                                         823

Number of dependent variables                                    3
Number of independent variables                                  0
Number of continuous latent variables                            1

Observed dependent variables

  Continuous
   GLAD1       CHEER1      HAPPY1

Continuous latent variables
   PA


Estimator                                                       ML
Information matrix                                        EXPECTED
Maximum number of iterations                                  1000
Convergence criterion                                    0.500D-04
Maximum number of steepest descent iterations                   20

Input data file(s)
  PAmeansdcorr2t.dat

Input data format  FREE



THE MODEL ESTIMATION TERMINATED NORMALLY



MODEL FIT INFORMATION

Number of Free Parameters                        9

Loglikelihood

          H0 Value                       -2727.113
          H1 Value                       -2727.113

Information Criteria

          Akaike (AIC)                    5472.225
          Bayesian (BIC)                  5514.642
          Sample-Size Adjusted BIC        5486.061
            (n* = (n + 2) / 24)

Chi-Square Test of Model Fit

          Value                              0.000
          Degrees of Freedom                     0
          P-Value                           0.0000

RMSEA (Root Mean Square Error Of Approximation)

          Estimate                           0.000
          90 Percent C.I.                    0.000  0.000
          Probability RMSEA <= .05           0.000

CFI/TLI

          CFI                                1.000
          TLI                                1.000

Chi-Square Test of Model Fit for the Baseline Model

          Value                            775.863
          Degrees of Freedom                     3
          P-Value                           0.0000

SRMR (Standardized Root Mean Square Residual)

          Value                              0.000



MODEL RESULTS

                                                    Two-Tailed
                    Estimate       S.E.  Est./S.E.    P-Value

 PA       BY
    GLAD1              0.604      0.029     21.041      0.000
    CHEER1             0.684      0.030     22.631      0.000
    HAPPY1             0.654      0.028     23.074      0.000

 Means
    PA                 0.000      0.000    999.000    999.000

 Intercepts
    GLAD1              3.069      0.029    104.631      0.000
    CHEER1             2.926      0.031     94.438      0.000
    HAPPY1             3.110      0.029    106.954      0.000

 Variances
    PA                 1.000      0.000    999.000    999.000

 Residual Variances
    GLAD1              0.343      0.024     14.550      0.000
    CHEER1             0.322      0.026     12.209      0.000
    HAPPY1             0.268      0.023     11.483      0.000


QUALITY OF NUMERICAL RESULTS

     Condition Number for the Information Matrix              0.117E+00
       (ratio of smallest to largest eigenvalue)


     Beginning Time:  12:48:34
        Ending Time:  12:48:35
       Elapsed Time:  00:00:01



MUTHEN & MUTHEN
3463 Stoner Ave.
Los Angeles, CA  90066

Tel: (310) 391-9971
Fax: (310) 391-8971
Web: www.StatModel.com
Support: Support@StatModel.com

Copyright (c) 1998-2014 Muthen & Muthen
