Mplus VERSION 7.31 (Linux)
MUTHEN & MUTHEN
12/08/2015   2:06 PM

INPUT INSTRUCTIONS

  TITLE: Regression Model

  DATA:
      FILE IS PAmeansdcorr2t.dat;
      TYPE IS MEANS STD CORRELATION;
      NOBSERVATIONS ARE 823;

  VARIABLE:
       NAMES ARE glad1 cheer1 happy1 glad2 cheer2 happy2;
       usevariables are cheer1;
  ANALYSIS:


  MODEL:
      Positive BY cheer1;
      cheer1@.316;





INPUT READING TERMINATED NORMALLY



Regression Model

SUMMARY OF ANALYSIS

Number of groups                                                 1
Number of observations                                         823

Number of dependent variables                                    1
Number of independent variables                                  0
Number of continuous latent variables                            1

Observed dependent variables

  Continuous
   CHEER1

Continuous latent variables
   POSITIVE


Estimator                                                       ML
Information matrix                                        EXPECTED
Maximum number of iterations                                  1000
Convergence criterion                                    0.500D-04
Maximum number of steepest descent iterations                   20

Input data file(s)
  PAmeansdcorr2t.dat

Input data format  FREE



THE MODEL ESTIMATION TERMINATED NORMALLY



MODEL FIT INFORMATION

Number of Free Parameters                        2

Loglikelihood

          H0 Value                       -1070.768
          H1 Value                       -1070.768

Information Criteria

          Akaike (AIC)                    2145.536
          Bayesian (BIC)                  2154.962
          Sample-Size Adjusted BIC        2148.611
            (n* = (n + 2) / 24)

Chi-Square Test of Model Fit

          Value                              0.000
          Degrees of Freedom                     0
          P-Value                           0.0000

RMSEA (Root Mean Square Error Of Approximation)

          Estimate                           0.000
          90 Percent C.I.                    0.000  0.000
          Probability RMSEA <= .05           0.000

CFI/TLI

          CFI                                0.000
          TLI                                1.000

Chi-Square Test of Model Fit for the Baseline Model

          Value                              0.000
          Degrees of Freedom                     0
          P-Value                           0.0000

SRMR (Standardized Root Mean Square Residual)

          Value                              0.000



MODEL RESULTS

                                                    Two-Tailed
                    Estimate       S.E.  Est./S.E.    P-Value

 POSITIVE BY
    CHEER1             1.000      0.000    999.000    999.000

 Intercepts
    CHEER1             2.926      0.031     94.440      0.000

 Variances
    POSITIVE           0.474      0.039     12.171      0.000

 Residual Variances
    CHEER1             0.316      0.000    999.000    999.000


QUALITY OF NUMERICAL RESULTS

     Condition Number for the Information Matrix              0.296E+00
       (ratio of smallest to largest eigenvalue)


     Beginning Time:  14:06:08
        Ending Time:  14:06:08
       Elapsed Time:  00:00:00



MUTHEN & MUTHEN
3463 Stoner Ave.
Los Angeles, CA  90066

Tel: (310) 391-9971
Fax: (310) 391-8971
Web: www.StatModel.com
Support: Support@StatModel.com

Copyright (c) 1998-2015 Muthen & Muthen
