Mplus VERSION 7.31 (Linux)
MUTHEN & MUTHEN
12/08/2015   1:21 PM

INPUT INSTRUCTIONS

  TITLE: Regression Model

  DATA:
      FILE IS PAcorr2t.dat;
      TYPE IS CORRELATION;
      NOBSERVATIONS ARE 823;

  VARIABLE:
       NAMES ARE glad1 cheer1 happy1 glad2 cheer2 happy2;
       usevariables are cheer1 cheer2;
  ANALYSIS:


  MODEL:
      Positive BY cheer1;
      cheer1@.316;
      cheer2 ON Positive;



INPUT READING TERMINATED NORMALLY



Regression Model

SUMMARY OF ANALYSIS

Number of groups                                                 1
Number of observations                                         823

Number of dependent variables                                    2
Number of independent variables                                  0
Number of continuous latent variables                            1

Observed dependent variables

  Continuous
   CHEER1      CHEER2

Continuous latent variables
   POSITIVE


Estimator                                                       ML
Information matrix                                        EXPECTED
Maximum number of iterations                                  1000
Convergence criterion                                    0.500D-04
Maximum number of steepest descent iterations                   20

Input data file(s)
  PAcorr2t.dat

Input data format  FREE



THE MODEL ESTIMATION TERMINATED NORMALLY



MODEL FIT INFORMATION

Number of Free Parameters                        3

Loglikelihood

          H0 Value                       -2278.140
          H1 Value                       -2278.140

Information Criteria

          Akaike (AIC)                    4562.280
          Bayesian (BIC)                  4576.419
          Sample-Size Adjusted BIC        4566.892
            (n* = (n + 2) / 24)

Chi-Square Test of Model Fit

          Value                              0.000
          Degrees of Freedom                     0
          P-Value                           0.0000

RMSEA (Root Mean Square Error Of Approximation)

          Estimate                           0.000
          90 Percent C.I.                    0.000  0.000
          Probability RMSEA <= .05           0.000

CFI/TLI

          CFI                                1.000
          TLI                                1.000

Chi-Square Test of Model Fit for the Baseline Model

          Value                            112.864
          Degrees of Freedom                     1
          P-Value                           0.0000

SRMR (Standardized Root Mean Square Residual)

          Value                              0.000



MODEL RESULTS

                                                    Two-Tailed
                    Estimate       S.E.  Est./S.E.    P-Value

 POSITIVE BY
    CHEER1             1.000      0.000    999.000    999.000

 CHEER2   ON
    POSITIVE           0.524      0.049     10.667      0.000

 Variances
    POSITIVE           0.683      0.049     13.868      0.000

 Residual Variances
    CHEER1             0.316      0.000    999.000    999.000
    CHEER2             0.812      0.044     18.329      0.000


QUALITY OF NUMERICAL RESULTS

     Condition Number for the Information Matrix              0.476E+00
       (ratio of smallest to largest eigenvalue)


     Beginning Time:  13:21:21
        Ending Time:  13:21:21
       Elapsed Time:  00:00:00



MUTHEN & MUTHEN
3463 Stoner Ave.
Los Angeles, CA  90066

Tel: (310) 391-9971
Fax: (310) 391-8971
Web: www.StatModel.com
Support: Support@StatModel.com

Copyright (c) 1998-2015 Muthen & Muthen
