Mplus VERSION 7.31 (Linux)
MUTHEN & MUTHEN
01/12/2016   4:30 PM

INPUT INSTRUCTIONS

  TITLE: Positive Affect with Marker Variable Scaling

  DATA:
      FILE IS PAcorr2t.dat;
      TYPE IS CORRELATION;
      NOBSERVATIONS ARE 823;

  VARIABLE:
       NAMES ARE glad1 cheer1 happy1 glad2 cheer2 happy2;
       usevariables are glad1-happy1;
  ANALYSIS:


  MODEL:
      Positive BY glad1 cheer1 happy1;

  OUTPUT: stdyx;



INPUT READING TERMINATED NORMALLY



Positive Affect with Marker Variable Scaling

SUMMARY OF ANALYSIS

Number of groups                                                 1
Number of observations                                         823

Number of dependent variables                                    3
Number of independent variables                                  0
Number of continuous latent variables                            1

Observed dependent variables

  Continuous
   GLAD1       CHEER1      HAPPY1

Continuous latent variables
   POSITIVE


Estimator                                                       ML
Information matrix                                        EXPECTED
Maximum number of iterations                                  1000
Convergence criterion                                    0.500D-04
Maximum number of steepest descent iterations                   20

Input data file(s)
  PAcorr2t.dat

Input data format  FREE



THE MODEL ESTIMATION TERMINATED NORMALLY



MODEL FIT INFORMATION

Number of Free Parameters                        6

Loglikelihood

          H0 Value                       -3113.927
          H1 Value                       -3113.927

Information Criteria

          Akaike (AIC)                    6239.853
          Bayesian (BIC)                  6268.131
          Sample-Size Adjusted BIC        6249.077
            (n* = (n + 2) / 24)

Chi-Square Test of Model Fit

          Value                              0.000
          Degrees of Freedom                     0
          P-Value                           0.0000

RMSEA (Root Mean Square Error Of Approximation)

          Estimate                           0.000
          90 Percent C.I.                    0.000  0.000
          Probability RMSEA <= .05           0.000

CFI/TLI

          CFI                                1.000
          TLI                                1.000

Chi-Square Test of Model Fit for the Baseline Model

          Value                            775.863
          Degrees of Freedom                     3
          P-Value                           0.0000

SRMR (Standardized Root Mean Square Residual)

          Value                              0.000



MODEL RESULTS

                                                    Two-Tailed
                    Estimate       S.E.  Est./S.E.    P-Value

 POSITIVE BY
    GLAD1              1.000      0.000    999.000    999.000
    CHEER1             1.072      0.061     17.612      0.000
    HAPPY1             1.092      0.062     17.624      0.000

 Variances
    POSITIVE           0.515      0.049     10.521      0.000

 Residual Variances
    GLAD1              0.484      0.033     14.547      0.000
    CHEER1             0.408      0.033     12.211      0.000
    HAPPY1             0.385      0.034     11.484      0.000


STANDARDIZED MODEL RESULTS


STDYX Standardization

                                                    Two-Tailed
                    Estimate       S.E.  Est./S.E.    P-Value

 POSITIVE BY
    GLAD1              0.718      0.023     30.688      0.000
    CHEER1             0.769      0.022     34.310      0.000
    HAPPY1             0.784      0.022     35.309      0.000

 Variances
    POSITIVE           1.000      0.000    999.000    999.000

 Residual Variances
    GLAD1              0.485      0.034     14.434      0.000
    CHEER1             0.408      0.035     11.823      0.000
    HAPPY1             0.386      0.035     11.085      0.000


R-SQUARE

    Observed                                        Two-Tailed
    Variable        Estimate       S.E.  Est./S.E.    P-Value

    GLAD1              0.515      0.034     15.344      0.000
    CHEER1             0.592      0.035     17.155      0.000
    HAPPY1             0.614      0.035     17.654      0.000


QUALITY OF NUMERICAL RESULTS

     Condition Number for the Information Matrix              0.753E-01
       (ratio of smallest to largest eigenvalue)


     Beginning Time:  16:30:59
        Ending Time:  16:30:59
       Elapsed Time:  00:00:00



MUTHEN & MUTHEN
3463 Stoner Ave.
Los Angeles, CA  90066

Tel: (310) 391-9971
Fax: (310) 391-8971
Web: www.StatModel.com
Support: Support@StatModel.com

Copyright (c) 1998-2015 Muthen & Muthen
