Mplus VERSION 7.31 (Linux)
MUTHEN & MUTHEN
12/07/2015   6:43 PM

INPUT INSTRUCTIONS

  TITLE: Regression Model

  DATA:
      FILE IS PAcorr2t.dat;
      TYPE IS CORRELATION;
      NOBSERVATIONS ARE 823;

  VARIABLE:
       NAMES ARE glad1 cheer1 happy1 glad2 cheer2 happy2;
       usevariables are cheer1 cheer2;
  ANALYSIS:


  MODEL:
      cheer2 ON cheer1;



INPUT READING TERMINATED NORMALLY



Regression Model

SUMMARY OF ANALYSIS

Number of groups                                                 1
Number of observations                                         823

Number of dependent variables                                    1
Number of independent variables                                  1
Number of continuous latent variables                            0

Observed dependent variables

  Continuous
   CHEER2

Observed independent variables
   CHEER1


Estimator                                                       ML
Information matrix                                        EXPECTED
Maximum number of iterations                                  1000
Convergence criterion                                    0.500D-04
Maximum number of steepest descent iterations                   20

Input data file(s)
  PAcorr2t.dat

Input data format  FREE



THE MODEL ESTIMATION TERMINATED NORMALLY



MODEL FIT INFORMATION

Number of Free Parameters                        2

Loglikelihood

          H0 Value                       -1110.854
          H1 Value                       -1110.854

Information Criteria

          Akaike (AIC)                    2225.708
          Bayesian (BIC)                  2235.134
          Sample-Size Adjusted BIC        2228.783
            (n* = (n + 2) / 24)

Chi-Square Test of Model Fit

          Value                              0.000
          Degrees of Freedom                     0
          P-Value                           0.0000

RMSEA (Root Mean Square Error Of Approximation)

          Estimate                           0.000
          90 Percent C.I.                    0.000  0.000
          Probability RMSEA <= .05           0.000

CFI/TLI

          CFI                                1.000
          TLI                                1.000

Chi-Square Test of Model Fit for the Baseline Model

          Value                            112.864
          Degrees of Freedom                     1
          P-Value                           0.0000

SRMR (Standardized Root Mean Square Residual)

          Value                              0.000



MODEL RESULTS

                                                    Two-Tailed
                    Estimate       S.E.  Est./S.E.    P-Value

 CHEER2   ON
    CHEER1             0.358      0.033     10.999      0.000

 Residual Variances
    CHEER2             0.871      0.043     20.285      0.000


QUALITY OF NUMERICAL RESULTS

     Condition Number for the Information Matrix              0.575E+00
       (ratio of smallest to largest eigenvalue)


     Beginning Time:  18:43:01
        Ending Time:  18:43:02
       Elapsed Time:  00:00:01



MUTHEN & MUTHEN
3463 Stoner Ave.
Los Angeles, CA  90066

Tel: (310) 391-9971
Fax: (310) 391-8971
Web: www.StatModel.com
Support: Support@StatModel.com

Copyright (c) 1998-2015 Muthen & Muthen
