Mplus VERSION 7.31 (Linux)
MUTHEN & MUTHEN
01/14/2016   4:53 PM

INPUT INSTRUCTIONS

  TITLE: Positive Affect with Marker Variable Scaling

  DATA:
      FILE IS PAcorr2t.dat;
      TYPE IS CORRELATION;
      NOBSERVATIONS ARE 823;

  VARIABLE:
       NAMES ARE glad1 cheer1 happy1 glad2 cheer2 happy2;
       usevariables are glad1-happy2;
  ANALYSIS:


  MODEL:
      PA1 BY glad1* cheer1 happy1;
      PA2 BY glad2* cheer2 happy2;
      PA1@1;
      PA2@1;
      PA1 WITH PA2;





INPUT READING TERMINATED NORMALLY



Positive Affect with Marker Variable Scaling

SUMMARY OF ANALYSIS

Number of groups                                                 1
Number of observations                                         823

Number of dependent variables                                    6
Number of independent variables                                  0
Number of continuous latent variables                            2

Observed dependent variables

  Continuous
   GLAD1       CHEER1      HAPPY1      GLAD2       CHEER2      HAPPY2

Continuous latent variables
   PA1         PA2


Estimator                                                       ML
Information matrix                                        EXPECTED
Maximum number of iterations                                  1000
Convergence criterion                                    0.500D-04
Maximum number of steepest descent iterations                   20

Input data file(s)
  PAcorr2t.dat

Input data format  FREE



THE MODEL ESTIMATION TERMINATED NORMALLY



MODEL FIT INFORMATION

Number of Free Parameters                       13

Loglikelihood

          H0 Value                       -6135.085
          H1 Value                       -6122.883

Information Criteria

          Akaike (AIC)                   12296.170
          Bayesian (BIC)                 12357.438
          Sample-Size Adjusted BIC       12316.155
            (n* = (n + 2) / 24)

Chi-Square Test of Model Fit

          Value                             24.403
          Degrees of Freedom                     8
          P-Value                           0.0020

RMSEA (Root Mean Square Error Of Approximation)

          Estimate                           0.050
          90 Percent C.I.                    0.028  0.073
          Probability RMSEA <= .05           0.461

CFI/TLI

          CFI                                0.991
          TLI                                0.982

Chi-Square Test of Model Fit for the Baseline Model

          Value                           1761.666
          Degrees of Freedom                    15
          P-Value                           0.0000

SRMR (Standardized Root Mean Square Residual)

          Value                              0.021



MODEL RESULTS

                                                    Two-Tailed
                    Estimate       S.E.  Est./S.E.    P-Value

 PA1      BY
    GLAD1              0.712      0.034     21.222      0.000
    CHEER1             0.788      0.033     23.921      0.000
    HAPPY1             0.768      0.033     23.196      0.000

 PA2      BY
    GLAD2              0.729      0.033     21.810      0.000
    CHEER2             0.764      0.033     23.042      0.000
    HAPPY2             0.778      0.033     23.552      0.000

 PA1      WITH
    PA2                0.561      0.033     17.050      0.000

 Variances
    PA1                1.000      0.000    999.000    999.000
    PA2                1.000      0.000    999.000    999.000

 Residual Variances
    GLAD1              0.491      0.032     15.260      0.000
    CHEER1             0.378      0.031     12.159      0.000
    HAPPY1             0.409      0.031     13.109      0.000
    GLAD2              0.467      0.032     14.688      0.000
    CHEER2             0.416      0.031     13.305      0.000
    HAPPY2             0.394      0.031     12.660      0.000


QUALITY OF NUMERICAL RESULTS

     Condition Number for the Information Matrix              0.208E+00
       (ratio of smallest to largest eigenvalue)


     Beginning Time:  16:53:44
        Ending Time:  16:53:44
       Elapsed Time:  00:00:00



MUTHEN & MUTHEN
3463 Stoner Ave.
Los Angeles, CA  90066

Tel: (310) 391-9971
Fax: (310) 391-8971
Web: www.StatModel.com
Support: Support@StatModel.com

Copyright (c) 1998-2015 Muthen & Muthen
